This file contains any messages produced by compilers while
running configure, to aid debugging if configure makes a mistake.

It was created by configure, which was
generated by GNU Autoconf 2.59.  Invocation command line was

  $ ./configure CC= LD= AR= CFLAGS=

## --------- ##
## Platform. ##
## --------- ##

hostname = Akira-Ubuntu
uname -m = i686
uname -r = 3.19.0-25-generic
uname -s = Linux
uname -v = #26-Ubuntu SMP Fri Jul 24 21:16:27 UTC 2015

/usr/bin/uname -p = unknown
/bin/uname -X     = unknown

/bin/arch              = unknown
/usr/bin/arch -k       = unknown
/usr/convex/getsysinfo = unknown
hostinfo               = unknown
/bin/machine           = unknown
/usr/bin/oslevel       = unknown
/bin/universe          = unknown

PATH: /usr/local/sbin
PATH: /usr/local/bin
PATH: /usr/sbin
PATH: /usr/bin
PATH: /sbin
PATH: /bin


## ----------- ##
## Core tests. ##
## ----------- ##

configure:1346: checking build system type
configure:1364: result: i686-pc-linux-gnu
configure:1372: checking host system type
configure:1386: result: i686-pc-linux-gnu
configure:1451: checking for gcc
configure:1467: found /usr/bin/gcc
configure:1477: result: gcc
configure:1721: checking for C compiler version
configure:1724: gcc --version </dev/null >&5
gcc-4.9.real (Ubuntu 4.9.2-10ubuntu13) 4.9.2
Copyright (C) 2014 Free Software Foundation, Inc.
This is free software; see the source for copying conditions.  There is NO
warranty; not even for MERCHANTABILITY or FITNESS FOR A PARTICULAR PURPOSE.

configure:1727: $? = 0
configure:1729: gcc -v </dev/null >&5
Using built-in specs.
COLLECT_GCC=/usr/bin/gcc-4.9.real
COLLECT_LTO_WRAPPER=/usr/lib/gcc/i686-linux-gnu/4.9/lto-wrapper
Target: i686-linux-gnu
Configured with: ../src/configure -v --with-pkgversion='Ubuntu 4.9.2-10ubuntu13' --with-bugurl=file:///usr/share/doc/gcc-4.9/README.Bugs --enable-languages=c,c++,java,go,d,fortran,objc,obj-c++ --prefix=/usr --program-suffix=-4.9 --enable-shared --enable-linker-build-id --libexecdir=/usr/lib --without-included-gettext --enable-threads=posix --with-gxx-include-dir=/usr/include/c++/4.9 --libdir=/usr/lib --enable-nls --with-sysroot=/ --enable-clocale=gnu --enable-libstdcxx-debug --enable-libstdcxx-time=yes --enable-gnu-unique-object --disable-vtable-verify --enable-plugin --with-system-zlib --disable-browser-plugin --enable-java-awt=gtk --enable-gtk-cairo --with-java-home=/usr/lib/jvm/java-1.5.0-gcj-4.9-i386/jre --enable-java-home --with-jvm-root-dir=/usr/lib/jvm/java-1.5.0-gcj-4.9-i386 --with-jvm-jar-dir=/usr/lib/jvm-exports/java-1.5.0-gcj-4.9-i386 --with-arch-directory=i386 --with-ecj-jar=/usr/share/java/eclipse-ecj.jar --enable-objc-gc --enable-targets=all --enable-multiarch --disable-werror --with-arch-32=i686 --with-multilib-list=m32,m64,mx32 --enable-multilib --with-tune=generic --enable-checking=release --build=i686-linux-gnu --host=i686-linux-gnu --target=i686-linux-gnu
Thread model: posix
gcc version 4.9.2 (Ubuntu 4.9.2-10ubuntu13) 
configure:1732: $? = 0
configure:1734: gcc -V </dev/null >&5
gcc-4.9.real: error: unrecognized command line option '-V'
gcc-4.9.real: fatal error: no input files
compilation terminated.
configure:1737: $? = 4
configure:1760: checking for C compiler default output file name
configure:1763: gcc    conftest.c  >&5
configure:1766: $? = 0
configure:1812: result: a.out
configure:1817: checking whether the C compiler works
configure:1823: ./a.out
configure:1826: $? = 0
configure:1843: result: yes
configure:1850: checking whether we are cross compiling
configure:1852: result: no
configure:1855: checking for suffix of executables
configure:1857: gcc -o conftest    conftest.c  >&5
configure:1860: $? = 0
configure:1885: result: 
configure:1891: checking for suffix of object files
configure:1912: gcc -c   conftest.c >&5
configure:1915: $? = 0
configure:1937: result: o
configure:1941: checking whether we are using the GNU C compiler
configure:1965: gcc -c   conftest.c >&5
configure:1971: $? = 0
configure:1975: test -z 
			 || test ! -s conftest.err
configure:1978: $? = 0
configure:1981: test -s conftest.o
configure:1984: $? = 0
configure:1997: result: yes
configure:2003: checking whether gcc accepts -g
configure:2024: gcc -c -g  conftest.c >&5
configure:2030: $? = 0
configure:2034: test -z 
			 || test ! -s conftest.err
configure:2037: $? = 0
configure:2040: test -s conftest.o
configure:2043: $? = 0
configure:2054: result: yes
configure:2071: checking for gcc option to accept ANSI C
configure:2141: gcc  -c   conftest.c >&5
configure:2147: $? = 0
configure:2151: test -z 
			 || test ! -s conftest.err
configure:2154: $? = 0
configure:2157: test -s conftest.o
configure:2160: $? = 0
configure:2178: result: none needed
configure:2196: gcc -c   conftest.c >&5
conftest.c:2:3: error: unknown type name 'choke'
   choke me
   ^
conftest.c:2:3: error: expected '=', ',', ';', 'asm' or '__attribute__' at end of input
configure:2202: $? = 1
configure: failed program was:
| #ifndef __cplusplus
|   choke me
| #endif
configure:2335: checking for GNU make
configure:2354: result: make
configure:2387: checking for asprintf
configure:2444: gcc -o conftest    conftest.c  >&5
configure:2450: $? = 0
configure:2454: test -z 
			 || test ! -s conftest.err
configure:2457: $? = 0
configure:2460: test -s conftest
configure:2463: $? = 0
configure:2475: result: yes
configure:2387: checking for getloadavg
configure:2444: gcc -o conftest    conftest.c  >&5
configure:2450: $? = 0
configure:2454: test -z 
			 || test ! -s conftest.err
configure:2457: $? = 0
configure:2460: test -s conftest
configure:2463: $? = 0
configure:2475: result: yes
configure:2387: checking for setenv
configure:2444: gcc -o conftest    conftest.c  >&5
configure:2450: $? = 0
configure:2454: test -z 
			 || test ! -s conftest.err
configure:2457: $? = 0
configure:2460: test -s conftest
configure:2463: $? = 0
configure:2475: result: yes
configure:2387: checking for strcasestr
configure:2444: gcc -o conftest    conftest.c  >&5
configure:2450: $? = 0
configure:2454: test -z 
			 || test ! -s conftest.err
configure:2457: $? = 0
configure:2460: test -s conftest
configure:2463: $? = 0
configure:2475: result: yes
configure:2387: checking for strndup
configure:2444: gcc -o conftest    conftest.c  >&5
conftest.c:37:6: warning: conflicting types for built-in function 'strndup'
 char strndup ();
      ^
configure:2450: $? = 0
configure:2454: test -z 
			 || test ! -s conftest.err
configure:2457: $? = 0
configure:2460: test -s conftest
configure:2463: $? = 0
configure:2475: result: yes
configure:2387: checking for strnlen
configure:2444: gcc -o conftest    conftest.c  >&5
configure:2450: $? = 0
configure:2454: test -z 
			 || test ! -s conftest.err
configure:2457: $? = 0
configure:2460: test -s conftest
configure:2463: $? = 0
configure:2475: result: yes
configure:2387: checking for strsep
configure:2444: gcc -o conftest    conftest.c  >&5
configure:2450: $? = 0
configure:2454: test -z 
			 || test ! -s conftest.err
configure:2457: $? = 0
configure:2460: test -s conftest
configure:2463: $? = 0
configure:2475: result: yes
configure:2387: checking for strtoq
configure:2444: gcc -o conftest    conftest.c  >&5
configure:2450: $? = 0
configure:2454: test -z 
			 || test ! -s conftest.err
configure:2457: $? = 0
configure:2460: test -s conftest
configure:2463: $? = 0
configure:2475: result: yes
configure:2387: checking for unsetenv
configure:2444: gcc -o conftest    conftest.c  >&5
configure:2450: $? = 0
configure:2454: test -z 
			 || test ! -s conftest.err
configure:2457: $? = 0
configure:2460: test -s conftest
configure:2463: $? = 0
configure:2475: result: yes
configure:2387: checking for vasprintf
configure:2444: gcc -o conftest    conftest.c  >&5
configure:2450: $? = 0
configure:2454: test -z 
			 || test ! -s conftest.err
configure:2457: $? = 0
configure:2460: test -s conftest
configure:2463: $? = 0
configure:2475: result: yes
configure:2548: checking how to run the C preprocessor
configure:2583: gcc -E  conftest.c
configure:2589: $? = 0
configure:2621: gcc -E  conftest.c
conftest.c:19:28: fatal error: ac_nonexistent.h: No such file or directory
 #include <ac_nonexistent.h>
                            ^
compilation terminated.
configure:2627: $? = 1
configure: failed program was:
| /* confdefs.h.  */
| 
| #define PACKAGE_NAME ""
| #define PACKAGE_TARNAME ""
| #define PACKAGE_VERSION ""
| #define PACKAGE_STRING ""
| #define PACKAGE_BUGREPORT ""
| #define HAVE_ASPRINTF 1
| #define HAVE_GETLOADAVG 1
| #define HAVE_SETENV 1
| #define HAVE_STRCASESTR 1
| #define HAVE_STRNDUP 1
| #define HAVE_STRNLEN 1
| #define HAVE_STRSEP 1
| #define HAVE_STRTOQ 1
| #define HAVE_UNSETENV 1
| #define HAVE_VASPRINTF 1
| /* end confdefs.h.  */
| #include <ac_nonexistent.h>
configure:2666: result: gcc -E
configure:2690: gcc -E  conftest.c
configure:2696: $? = 0
configure:2728: gcc -E  conftest.c
conftest.c:19:28: fatal error: ac_nonexistent.h: No such file or directory
 #include <ac_nonexistent.h>
                            ^
compilation terminated.
configure:2734: $? = 1
configure: failed program was:
| /* confdefs.h.  */
| 
| #define PACKAGE_NAME ""
| #define PACKAGE_TARNAME ""
| #define PACKAGE_VERSION ""
| #define PACKAGE_STRING ""
| #define PACKAGE_BUGREPORT ""
| #define HAVE_ASPRINTF 1
| #define HAVE_GETLOADAVG 1
| #define HAVE_SETENV 1
| #define HAVE_STRCASESTR 1
| #define HAVE_STRNDUP 1
| #define HAVE_STRNLEN 1
| #define HAVE_STRSEP 1
| #define HAVE_STRTOQ 1
| #define HAVE_UNSETENV 1
| #define HAVE_VASPRINTF 1
| /* end confdefs.h.  */
| #include <ac_nonexistent.h>
configure:2778: checking for egrep
configure:2788: result: grep -E
configure:2793: checking for ANSI C header files
configure:2818: gcc -c   conftest.c >&5
configure:2824: $? = 0
configure:2828: test -z 
			 || test ! -s conftest.err
configure:2831: $? = 0
configure:2834: test -s conftest.o
configure:2837: $? = 0
configure:2926: gcc -o conftest    conftest.c  >&5
conftest.c: In function 'main':
conftest.c:36:7: warning: incompatible implicit declaration of built-in function 'exit'
       exit(2);
       ^
configure:2929: $? = 0
configure:2931: ./conftest
configure:2934: $? = 0
configure:2949: result: yes
configure:2973: checking for sys/types.h
configure:2989: gcc -c   conftest.c >&5
configure:2995: $? = 0
configure:2999: test -z 
			 || test ! -s conftest.err
configure:3002: $? = 0
configure:3005: test -s conftest.o
configure:3008: $? = 0
configure:3019: result: yes
configure:2973: checking for sys/stat.h
configure:2989: gcc -c   conftest.c >&5
configure:2995: $? = 0
configure:2999: test -z 
			 || test ! -s conftest.err
configure:3002: $? = 0
configure:3005: test -s conftest.o
configure:3008: $? = 0
configure:3019: result: yes
configure:2973: checking for stdlib.h
configure:2989: gcc -c   conftest.c >&5
configure:2995: $? = 0
configure:2999: test -z 
			 || test ! -s conftest.err
configure:3002: $? = 0
configure:3005: test -s conftest.o
configure:3008: $? = 0
configure:3019: result: yes
configure:2973: checking for string.h
configure:2989: gcc -c   conftest.c >&5
configure:2995: $? = 0
configure:2999: test -z 
			 || test ! -s conftest.err
configure:3002: $? = 0
configure:3005: test -s conftest.o
configure:3008: $? = 0
configure:3019: result: yes
configure:2973: checking for memory.h
configure:2989: gcc -c   conftest.c >&5
configure:2995: $? = 0
configure:2999: test -z 
			 || test ! -s conftest.err
configure:3002: $? = 0
configure:3005: test -s conftest.o
configure:3008: $? = 0
configure:3019: result: yes
configure:2973: checking for strings.h
configure:2989: gcc -c   conftest.c >&5
configure:2995: $? = 0
configure:2999: test -z 
			 || test ! -s conftest.err
configure:3002: $? = 0
configure:3005: test -s conftest.o
configure:3008: $? = 0
configure:3019: result: yes
configure:2973: checking for inttypes.h
configure:2989: gcc -c   conftest.c >&5
configure:2995: $? = 0
configure:2999: test -z 
			 || test ! -s conftest.err
configure:3002: $? = 0
configure:3005: test -s conftest.o
configure:3008: $? = 0
configure:3019: result: yes
configure:2973: checking for stdint.h
configure:2989: gcc -c   conftest.c >&5
configure:2995: $? = 0
configure:2999: test -z 
			 || test ! -s conftest.err
configure:3002: $? = 0
configure:3005: test -s conftest.o
configure:3008: $? = 0
configure:3019: result: yes
configure:2973: checking for unistd.h
configure:2989: gcc -c   conftest.c >&5
configure:2995: $? = 0
configure:2999: test -z 
			 || test ! -s conftest.err
configure:3002: $? = 0
configure:3005: test -s conftest.o
configure:3008: $? = 0
configure:3019: result: yes
configure:3041: checking for initscr in -lcurses
configure:3071: gcc -o conftest    conftest.c -lcurses    >&5
configure:3077: $? = 0
configure:3081: test -z 
			 || test ! -s conftest.err
configure:3084: $? = 0
configure:3087: test -s conftest
configure:3090: $? = 0
configure:3103: result: yes
configure:3277: checking curses.h usability
configure:3289: gcc -c   conftest.c >&5
configure:3295: $? = 0
configure:3299: test -z 
			 || test ! -s conftest.err
configure:3302: $? = 0
configure:3305: test -s conftest.o
configure:3308: $? = 0
configure:3318: result: yes
configure:3322: checking curses.h presence
configure:3332: gcc -E  conftest.c
configure:3338: $? = 0
configure:3358: result: yes
configure:3393: checking for curses.h
configure:3400: result: yes
configure:3461: checking for initscr in -lncurses
configure:3491: gcc -o conftest    conftest.c -lncurses    >&5
configure:3497: $? = 0
configure:3501: test -z 
			 || test ! -s conftest.err
configure:3504: $? = 0
configure:3507: test -s conftest
configure:3510: $? = 0
configure:3523: result: yes
configure:3688: checking for curses.h
configure:3693: result: yes
configure:3914: checking for pkg-config
configure:3930: found /usr/bin/pkg-config
configure:3941: result: pkg-config
configure:4070: creating ./config.status

## ---------------------- ##
## Running config.status. ##
## ---------------------- ##

This file was extended by config.status, which was
generated by GNU Autoconf 2.59.  Invocation command line was

  CONFIG_FILES    = 
  CONFIG_HEADERS  = 
  CONFIG_LINKS    = 
  CONFIG_COMMANDS = 
  $ ./config.status 

on Akira-Ubuntu

config.status:663: creating makeopts
config.status:766: creating autoconfig.h
configure:5150: configuring in mxml
configure:5267: running /bin/bash './configure' --prefix=/usr/local  'CC=' 'LD=' 'AR=' 'CFLAGS=' --cache-file=/dev/null --srcdir=.
configure:5282: Menuselect build configuration successfully completed

## ---------------- ##
## Cache variables. ##
## ---------------- ##

ac_cv_build=i686-pc-linux-gnu
ac_cv_build_alias=i686-pc-linux-gnu
ac_cv_c_compiler_gnu=yes
ac_cv_env_CC_set=set
ac_cv_env_CC_value=
ac_cv_env_CFLAGS_set=set
ac_cv_env_CFLAGS_value=
ac_cv_env_CPPFLAGS_set=
ac_cv_env_CPPFLAGS_value=
ac_cv_env_CPP_set=
ac_cv_env_CPP_value=
ac_cv_env_LDFLAGS_set=
ac_cv_env_LDFLAGS_value=
ac_cv_env_build_alias_set=
ac_cv_env_build_alias_value=
ac_cv_env_host_alias_set=
ac_cv_env_host_alias_value=
ac_cv_env_target_alias_set=
ac_cv_env_target_alias_value=
ac_cv_exeext=
ac_cv_func_asprintf=yes
ac_cv_func_getloadavg=yes
ac_cv_func_setenv=yes
ac_cv_func_strcasestr=yes
ac_cv_func_strndup=yes
ac_cv_func_strnlen=yes
ac_cv_func_strsep=yes
ac_cv_func_strtoq=yes
ac_cv_func_unsetenv=yes
ac_cv_func_vasprintf=yes
ac_cv_header_curses_h=yes
ac_cv_header_inttypes_h=yes
ac_cv_header_memory_h=yes
ac_cv_header_stdc=yes
ac_cv_header_stdint_h=yes
ac_cv_header_stdlib_h=yes
ac_cv_header_string_h=yes
ac_cv_header_strings_h=yes
ac_cv_header_sys_stat_h=yes
ac_cv_header_sys_types_h=yes
ac_cv_header_unistd_h=yes
ac_cv_host=i686-pc-linux-gnu
ac_cv_host_alias=i686-pc-linux-gnu
ac_cv_lib_curses_initscr=yes
ac_cv_lib_ncurses_initscr=yes
ac_cv_objext=o
ac_cv_prog_CPP='gcc -E'
ac_cv_prog_ac_ct_CC=gcc
ac_cv_prog_ac_ct_PKGCONFIG=pkg-config
ac_cv_prog_cc_g=yes
ac_cv_prog_cc_stdc=
ac_cv_prog_egrep='grep -E'

## ----------------- ##
## Output variables. ##
## ----------------- ##

CC='gcc'
CFLAGS=''
CPP='gcc -E'
CPPFLAGS=''
CURSES_INCLUDE=''
CURSES_LIB='-lcurses '
DEFS='-DHAVE_CONFIG_H'
ECHO_C=''
ECHO_N='-n'
ECHO_T=''
EGREP='grep -E'
EXEEXT=''
GNU_MAKE='make'
GTK2_INCLUDE=''
GTK2_LIB=''
HOST_OS='linux-gnu'
LDFLAGS=''
LIBOBJS=''
LIBS=''
LTLIBOBJS=''
NCURSES_INCLUDE=''
NCURSES_LIB='-lncurses '
OBJEXT='o'
PACKAGE_BUGREPORT=''
PACKAGE_NAME=''
PACKAGE_STRING=''
PACKAGE_TARNAME=''
PACKAGE_VERSION=''
PATH_SEPARATOR=':'
PBX_CURSES='1'
PBX_GTK2='1'
PBX_NCURSES='1'
PKGCONFIG='pkg-config'
SHELL='/bin/bash'
ac_ct_CC='gcc'
ac_ct_PKGCONFIG='pkg-config'
bindir='${exec_prefix}/bin'
build='i686-pc-linux-gnu'
build_alias=''
build_cpu='i686'
build_os='linux-gnu'
build_vendor='pc'
datadir='${prefix}/share'
exec_prefix='${prefix}'
host='i686-pc-linux-gnu'
host_alias=''
host_cpu='i686'
host_os='linux-gnu'
host_vendor='pc'
includedir='${prefix}/include'
infodir='${prefix}/info'
libdir='${exec_prefix}/lib'
libexecdir='${exec_prefix}/libexec'
localstatedir='${prefix}/var'
mandir='${prefix}/man'
oldincludedir='/usr/include'
prefix='/usr/local'
program_transform_name='s,x,x,'
sbindir='${exec_prefix}/sbin'
sharedstatedir='${prefix}/com'
subdirs=' mxml'
sysconfdir='${prefix}/etc'
target_alias=''

## ----------- ##
## confdefs.h. ##
## ----------- ##

#define HAVE_ASPRINTF 1
#define HAVE_CURSES 1
#define HAVE_GETLOADAVG 1
#define HAVE_GTK2 1
#define HAVE_INTTYPES_H 1
#define HAVE_MEMORY_H 1
#define HAVE_NCURSES 1
#define HAVE_SETENV 1
#define HAVE_STDINT_H 1
#define HAVE_STDLIB_H 1
#define HAVE_STRCASESTR 1
#define HAVE_STRINGS_H 1
#define HAVE_STRING_H 1
#define HAVE_STRNDUP 1
#define HAVE_STRNLEN 1
#define HAVE_STRSEP 1
#define HAVE_STRTOQ 1
#define HAVE_SYS_STAT_H 1
#define HAVE_SYS_TYPES_H 1
#define HAVE_UNISTD_H 1
#define HAVE_UNSETENV 1
#define HAVE_VASPRINTF 1
#define PACKAGE_BUGREPORT ""
#define PACKAGE_NAME ""
#define PACKAGE_STRING ""
#define PACKAGE_TARNAME ""
#define PACKAGE_VERSION ""
#define STDC_HEADERS 1

configure: exit 0
